2025-04-12 16:20:32,320 - INFO - Loading YOLO model from models/yolov8/best_l.pt on cpu...
2025-04-12 16:20:32,401 - INFO - Model loaded successfully in 0.08 seconds
2025-04-12 16:20:34,486 - INFO - Detection completed in 2.07 seconds (inference: 2.06s)
2025-04-12 16:20:34,486 - WARNING - Could not check disk space
2025-04-12 16:20:34,658 - INFO - Results saved successfully: output\images\image_1.jpg
2025-04-12 16:20:34,658 - INFO - Total execution time: 2.24 seconds
2025-04-12 16:21:08,510 - INFO - Loading YOLO model from models/yolov8/best_l.pt on cpu...
2025-04-12 16:21:08,558 - INFO - Model loaded successfully in 0.05 seconds
2025-04-12 16:21:10,064 - INFO - Detection completed in 1.49 seconds (inference: 1.49s)
2025-04-12 16:21:10,064 - WARNING - Could not check disk space
2025-04-12 16:21:10,205 - INFO - Results saved successfully: output\images\image_2.jpg
2025-04-12 16:21:10,205 - INFO - Total execution time: 1.63 seconds
2025-04-12 16:28:44,810 - INFO - Loading YOLO model from models/yolov8/best_l.pt on cpu...
2025-04-12 16:28:44,857 - INFO - Model loaded successfully in 0.05 seconds
2025-04-12 16:28:46,380 - INFO - Detection completed in 1.49 seconds (inference: 1.49s)
2025-04-12 16:28:46,380 - WARNING - Could not check disk space
2025-04-12 16:28:46,542 - INFO - Results saved successfully: output\images\image_3.jpg
2025-04-12 16:28:46,542 - INFO - Total execution time: 1.65 seconds
2025-04-12 16:29:42,307 - INFO - Loading YOLO model from models/yolov8/best_l.pt on cpu...
2025-04-12 16:29:42,370 - INFO - Model loaded successfully in 0.06 seconds
2025-04-12 16:29:43,893 - INFO - Detection completed in 1.49 seconds (inference: 1.48s)
2025-04-12 16:29:43,893 - WARNING - Could not check disk space
2025-04-12 16:29:44,046 - INFO - Results saved successfully: output\images\image_4.jpg
2025-04-12 16:29:44,046 - INFO - Total execution time: 1.65 seconds
2025-04-12 16:30:21,265 - INFO - Loading YOLO model from models/yolov8/best_l.pt on cpu...
2025-04-12 16:30:21,313 - INFO - Model loaded successfully in 0.05 seconds
2025-04-12 16:30:22,836 - INFO - Detection completed in 1.51 seconds (inference: 1.51s)
2025-04-12 16:30:22,836 - WARNING - Could not check disk space
2025-04-12 16:30:22,992 - INFO - Results saved successfully: output\images\image_5.jpg
2025-04-12 16:30:22,992 - INFO - Total execution time: 1.66 seconds
2025-04-12 16:30:49,574 - INFO - Loading YOLO model from models/yolov8/best_l.pt on cpu...
2025-04-12 16:30:49,637 - INFO - Model loaded successfully in 0.06 seconds
2025-04-12 16:30:49,637 - ERROR - Image not found: C:\vltk sai reddy\OneDrive - VALKONTEK EMBEDDED IOT SERVICES PRIVATE LTD\Resources\Images\Engine_chassis_numbers\279.jpg
2025-04-12 16:31:07,617 - INFO - Loading YOLO model from models/yolov8/best_l.pt on cpu...
2025-04-12 16:31:07,680 - INFO - Model loaded successfully in 0.06 seconds
2025-04-12 16:31:09,249 - INFO - Detection completed in 1.51 seconds (inference: 1.49s)
2025-04-12 16:31:09,249 - WARNING - Could not check disk space
2025-04-12 16:31:09,422 - INFO - Results saved successfully: output\images\image_6.jpg
2025-04-12 16:31:09,422 - INFO - Total execution time: 1.68 seconds
2025-04-12 16:31:57,693 - INFO - Loading YOLO model from models/yolov8/best_l.pt on cpu...
2025-04-12 16:31:57,740 - INFO - Model loaded successfully in 0.05 seconds
2025-04-12 16:31:59,248 - INFO - Detection completed in 1.48 seconds (inference: 1.48s)
2025-04-12 16:31:59,264 - WARNING - Could not check disk space
2025-04-12 16:31:59,420 - INFO - Results saved successfully: output\images\image_7.jpg
2025-04-12 16:31:59,420 - INFO - Total execution time: 1.65 seconds
2025-04-12 16:32:34,962 - INFO - Loading YOLO model from models/yolov8/best_l.pt on cpu...
2025-04-12 16:32:35,025 - INFO - Model loaded successfully in 0.06 seconds
2025-04-12 16:32:36,532 - INFO - Detection completed in 1.49 seconds (inference: 1.49s)
2025-04-12 16:32:36,548 - WARNING - Could not check disk space
2025-04-12 16:32:36,689 - INFO - Results saved successfully: output\images\image_8.jpg
2025-04-12 16:32:36,689 - INFO - Total execution time: 1.65 seconds
2025-04-12 16:33:28,790 - INFO - Loading YOLO model from models/yolov8/best_l.pt on cpu...
2025-04-12 16:33:28,852 - INFO - Model loaded successfully in 0.06 seconds
2025-04-12 16:33:30,345 - INFO - Detection completed in 1.49 seconds (inference: 1.48s)
2025-04-12 16:33:30,345 - WARNING - Could not check disk space
2025-04-12 16:33:30,486 - INFO - Results saved successfully: output\images\image_9.jpg
2025-04-12 16:33:30,486 - INFO - Total execution time: 1.63 seconds
2025-04-12 16:33:46,527 - INFO - Loading YOLO model from models/yolov8/best_l.pt on cpu...
2025-04-12 16:33:46,605 - INFO - Model loaded successfully in 0.08 seconds
2025-04-12 16:33:48,144 - INFO - Detection completed in 1.53 seconds (inference: 1.51s)
2025-04-12 16:33:48,144 - WARNING - Could not check disk space
2025-04-12 16:33:48,285 - INFO - Results saved successfully: output\images\image_10.jpg
2025-04-12 16:33:48,285 - INFO - Total execution time: 1.67 seconds
2025-04-12 16:34:02,118 - INFO - Loading YOLO model from models/yolov8/best_l.pt on cpu...
2025-04-12 16:34:02,181 - INFO - Model loaded successfully in 0.05 seconds
2025-04-12 16:34:03,672 - INFO - Detection completed in 1.48 seconds (inference: 1.48s)
2025-04-12 16:34:03,672 - WARNING - Could not check disk space
2025-04-12 16:34:03,813 - INFO - Results saved successfully: output\images\image_11.jpg
2025-04-12 16:34:03,813 - INFO - Total execution time: 1.62 seconds
2025-04-12 16:34:14,580 - INFO - Loading YOLO model from models/yolov8/best_l.pt on cpu...
2025-04-12 16:34:14,658 - INFO - Model loaded successfully in 0.08 seconds
2025-04-12 16:34:16,213 - INFO - Detection completed in 1.55 seconds (inference: 1.55s)
2025-04-12 16:34:16,213 - WARNING - Could not check disk space
2025-04-12 16:34:16,354 - INFO - Results saved successfully: output\images\image_12.jpg
2025-04-12 16:34:16,354 - INFO - Total execution time: 1.70 seconds
2025-04-12 16:35:06,018 - INFO - Loading YOLO model from models/yolov8/best_l.pt on cpu...
2025-04-12 16:35:06,066 - INFO - Model loaded successfully in 0.05 seconds
2025-04-12 16:35:07,557 - INFO - Detection completed in 1.49 seconds (inference: 1.48s)
2025-04-12 16:35:07,557 - WARNING - Could not check disk space
2025-04-12 16:35:07,699 - INFO - Results saved successfully: output\images\image_13.jpg
2025-04-12 16:35:07,699 - INFO - Total execution time: 1.63 seconds
2025-04-12 16:56:51,524 - INFO - Loading YOLO model from models/yolov8/best_l.pt on cpu...
2025-04-12 16:56:51,587 - INFO - Model loaded successfully in 0.06 seconds
2025-04-12 16:56:53,079 - INFO - Detection completed in 1.49 seconds (inference: 1.48s)
2025-04-12 16:56:53,079 - WARNING - Could not check disk space
2025-04-12 16:56:53,236 - INFO - Results saved successfully: output\images\image_14.jpg
2025-04-12 16:56:53,236 - INFO - Total execution time: 1.65 seconds
2025-04-12 16:58:00,109 - INFO - Loading YOLO model from models/yolov8/best_l.pt on cpu...
2025-04-12 16:58:00,157 - INFO - Model loaded successfully in 0.05 seconds
2025-04-12 16:58:01,648 - INFO - Detection completed in 1.48 seconds (inference: 1.48s)
2025-04-12 16:58:01,648 - WARNING - Could not check disk space
2025-04-12 16:58:01,789 - INFO - Results saved successfully: output\images\image_15.jpg
2025-04-12 16:58:01,789 - INFO - Total execution time: 1.62 seconds
2025-04-12 16:58:21,265 - INFO - Loading YOLO model from models/yolov8/best_l.pt on cpu...
2025-04-12 16:58:21,313 - INFO - Model loaded successfully in 0.05 seconds
2025-04-12 16:58:22,804 - INFO - No objects detected.
2025-04-12 16:58:22,804 - WARNING - Could not check disk space
2025-04-12 16:58:22,945 - INFO - Results saved successfully: output\images\image_16.jpg
2025-04-12 16:58:22,945 - INFO - Total execution time: 1.62 seconds
2025-04-12 16:58:35,876 - INFO - Loading YOLO model from models/yolov8/best_l.pt on cpu...
2025-04-12 16:58:35,939 - INFO - Model loaded successfully in 0.06 seconds
2025-04-12 16:58:37,415 - INFO - Detection completed in 1.46 seconds (inference: 1.46s)
2025-04-12 16:58:37,415 - WARNING - Could not check disk space
2025-04-12 16:58:37,556 - INFO - Results saved successfully: output\images\image_17.jpg
2025-04-12 16:58:37,556 - INFO - Total execution time: 1.60 seconds
2025-04-12 16:58:50,609 - INFO - Loading YOLO model from models/yolov8/best_l.pt on cpu...
2025-04-12 16:58:50,656 - INFO - Model loaded successfully in 0.05 seconds
2025-04-12 16:58:52,148 - INFO - Detection completed in 1.47 seconds (inference: 1.47s)
2025-04-12 16:58:52,163 - WARNING - Could not check disk space
2025-04-12 16:58:52,289 - INFO - Results saved successfully: output\images\image_18.jpg
2025-04-12 16:58:52,289 - INFO - Total execution time: 1.61 seconds
2025-04-12 16:59:09,935 - INFO - Loading YOLO model from models/yolov8/best_l.pt on cpu...
2025-04-12 16:59:09,982 - INFO - Model loaded successfully in 0.05 seconds
2025-04-12 16:59:11,459 - INFO - Detection completed in 1.46 seconds (inference: 1.46s)
2025-04-12 16:59:11,459 - WARNING - Could not check disk space
2025-04-12 16:59:11,600 - INFO - Results saved successfully: output\images\image_19.jpg
2025-04-12 16:59:11,600 - INFO - Total execution time: 1.60 seconds
2025-04-12 16:59:32,271 - INFO - Loading YOLO model from models/yolov8/best_l.pt on cpu...
2025-04-12 16:59:32,334 - INFO - Model loaded successfully in 0.06 seconds
2025-04-12 16:59:33,825 - INFO - Detection completed in 1.48 seconds (inference: 1.48s)
2025-04-12 16:59:33,825 - WARNING - Could not check disk space
2025-04-12 16:59:33,966 - INFO - Results saved successfully: output\images\image_20.jpg
2025-04-12 16:59:33,966 - INFO - Total execution time: 1.62 seconds
2025-04-12 17:00:05,567 - INFO - Loading YOLO model from models/yolov8/best_s.pt on cpu...
2025-04-12 17:00:05,621 - INFO - Model loaded successfully in 0.05 seconds
2025-04-12 17:00:14,517 - INFO - Press 'c' to capture an image or 'q' to quit.
2025-04-12 17:00:31,099 - INFO - Loading YOLO model from models/yolov8/best_s.pt on cpu...
2025-04-12 17:00:31,162 - INFO - Model loaded successfully in 0.06 seconds
2025-04-12 17:00:32,653 - INFO - Detection completed in 1.48 seconds (inference: 1.48s)
2025-04-12 17:00:32,653 - WARNING - Could not check disk space
2025-04-12 17:00:32,794 - INFO - Results saved successfully: output\images\image_21.jpg
2025-04-12 17:00:32,794 - INFO - Total execution time: 1.62 seconds
2025-04-12 17:00:47,206 - INFO - Loading YOLO model from models/yolov8/best_s.pt on cpu...
2025-04-12 17:00:47,269 - INFO - Model loaded successfully in 0.06 seconds
2025-04-12 17:00:48,729 - INFO - Detection completed in 1.46 seconds (inference: 1.46s)
2025-04-12 17:00:48,745 - WARNING - Could not check disk space
2025-04-12 17:00:48,886 - INFO - Results saved successfully: output\images\image_22.jpg
2025-04-12 17:00:48,886 - INFO - Total execution time: 1.62 seconds
2025-04-12 17:01:07,745 - INFO - Loading YOLO model from models/yolov8/best_s.pt on cpu...
2025-04-12 17:01:07,808 - INFO - Model loaded successfully in 0.06 seconds
2025-04-12 17:01:09,268 - INFO - Detection completed in 1.44 seconds (inference: 1.44s)
2025-04-12 17:01:09,268 - WARNING - Could not check disk space
2025-04-12 17:01:09,425 - INFO - Results saved successfully: output\images\image_23.jpg
2025-04-12 17:01:09,425 - INFO - Total execution time: 1.60 seconds
2025-04-12 17:01:21,807 - INFO - Loading YOLO model from models/yolov8/best_s.pt on cpu...
2025-04-12 17:01:21,870 - INFO - Model loaded successfully in 0.06 seconds
2025-04-12 17:01:23,346 - INFO - Detection completed in 1.46 seconds (inference: 1.46s)
2025-04-12 17:01:23,346 - WARNING - Could not check disk space
2025-04-12 17:01:23,487 - INFO - Results saved successfully: output\images\image_24.jpg
2025-04-12 17:01:23,487 - INFO - Total execution time: 1.60 seconds
2025-04-12 17:01:46,592 - INFO - Loading YOLO model from models/yolov8/best_s.pt on cpu...
2025-04-12 17:01:46,654 - INFO - Model loaded successfully in 0.06 seconds
2025-04-12 17:01:48,130 - INFO - No objects detected.
2025-04-12 17:01:48,130 - WARNING - Could not check disk space
2025-04-12 17:01:48,271 - INFO - Results saved successfully: output\images\image_25.jpg
2025-04-12 17:01:48,271 - INFO - Total execution time: 1.62 seconds
2025-04-12 17:01:59,002 - INFO - Loading YOLO model from models/yolov8/best_s.pt on cpu...
2025-04-12 17:01:59,049 - INFO - Model loaded successfully in 0.05 seconds
2025-04-12 17:02:00,556 - INFO - No objects detected.
2025-04-12 17:02:00,556 - WARNING - Could not check disk space
2025-04-12 17:02:00,713 - INFO - Results saved successfully: output\images\image_26.jpg
2025-04-12 17:02:00,713 - INFO - Total execution time: 1.65 seconds
2025-04-12 17:02:12,954 - INFO - Loading YOLO model from models/yolov8/best_s.pt on cpu...
2025-04-12 17:02:13,008 - INFO - Model loaded successfully in 0.05 seconds
2025-04-12 17:02:14,484 - INFO - Detection completed in 1.46 seconds (inference: 1.46s)
2025-04-12 17:02:14,484 - WARNING - Could not check disk space
2025-04-12 17:02:14,625 - INFO - Results saved successfully: output\images\image_27.jpg
2025-04-12 17:02:14,625 - INFO - Total execution time: 1.60 seconds
2025-04-12 17:02:37,239 - INFO - Loading YOLO model from models/yolov8/best_s.pt on cpu...
2025-04-12 17:02:37,285 - INFO - Model loaded successfully in 0.05 seconds
2025-04-12 17:02:38,761 - INFO - Detection completed in 1.48 seconds (inference: 1.48s)
2025-04-12 17:02:38,761 - WARNING - Could not check disk space
2025-04-12 17:02:38,918 - INFO - Results saved successfully: output\images\image_28.jpg
2025-04-12 17:02:38,918 - INFO - Total execution time: 1.63 seconds
2025-04-12 17:03:07,415 - INFO - Loading YOLO model from models/yolov8/best_s.pt on cpu...
2025-04-12 17:03:07,463 - INFO - Model loaded successfully in 0.05 seconds
2025-04-12 17:03:08,939 - INFO - Detection completed in 1.46 seconds (inference: 1.46s)
2025-04-12 17:03:08,939 - WARNING - Could not check disk space
2025-04-12 17:03:09,079 - INFO - Results saved successfully: output\images\image_29.jpg
2025-04-12 17:03:09,079 - INFO - Total execution time: 1.60 seconds
2025-04-12 17:03:22,587 - INFO - Loading YOLO model from models/yolov8/best_s.pt on cpu...
2025-04-12 17:03:22,634 - INFO - Model loaded successfully in 0.05 seconds
2025-04-12 17:03:24,110 - INFO - Detection completed in 1.48 seconds (inference: 1.46s)
2025-04-12 17:03:24,110 - WARNING - Could not check disk space
2025-04-12 17:03:24,266 - INFO - Results saved successfully: output\images\image_30.jpg
2025-04-12 17:03:24,266 - INFO - Total execution time: 1.63 seconds
2025-04-12 17:03:42,417 - INFO - Loading YOLO model from models/yolov8/best_s.pt on cpu...
2025-04-12 17:03:42,464 - INFO - Model loaded successfully in 0.05 seconds
2025-04-12 17:03:43,940 - INFO - Detection completed in 1.48 seconds (inference: 1.46s)
2025-04-12 17:03:43,940 - WARNING - Could not check disk space
2025-04-12 17:03:44,081 - INFO - Results saved successfully: output\images\image_31.jpg
2025-04-12 17:03:44,081 - INFO - Total execution time: 1.62 seconds
2025-04-12 17:04:06,288 - INFO - Loading YOLO model from models/yolov8/best_s.pt on cpu...
2025-04-12 17:04:06,336 - INFO - Model loaded successfully in 0.05 seconds
2025-04-12 17:04:07,827 - INFO - Detection completed in 1.49 seconds (inference: 1.48s)
2025-04-12 17:04:07,827 - WARNING - Could not check disk space
2025-04-12 17:04:07,968 - INFO - Results saved successfully: output\images\image_32.jpg
2025-04-12 17:04:07,968 - INFO - Total execution time: 1.63 seconds
2025-04-12 17:04:22,886 - INFO - Loading YOLO model from models/yolov8/best_s.pt on cpu...
2025-04-12 17:04:22,933 - INFO - Model loaded successfully in 0.05 seconds
2025-04-12 17:04:24,424 - INFO - Detection completed in 1.48 seconds (inference: 1.48s)
2025-04-12 17:04:24,424 - WARNING - Could not check disk space
2025-04-12 17:04:24,565 - INFO - Results saved successfully: output\images\image_33.jpg
2025-04-12 17:04:24,565 - INFO - Total execution time: 1.62 seconds
2025-04-12 17:04:46,313 - INFO - Loading YOLO model from models/yolov8/best_s.pt on cpu...
2025-04-12 17:04:46,361 - INFO - Model loaded successfully in 0.05 seconds
2025-04-12 17:04:47,837 - INFO - Detection completed in 1.46 seconds (inference: 1.46s)
2025-04-12 17:04:47,837 - WARNING - Could not check disk space
2025-04-12 17:04:47,962 - INFO - Results saved successfully: output\images\image_34.jpg
2025-04-12 17:04:47,962 - INFO - Total execution time: 1.59 seconds
2025-04-12 17:05:12,489 - INFO - Loading YOLO model from models/yolov8/best_s.pt on cpu...
2025-04-12 17:05:12,537 - INFO - Model loaded successfully in 0.05 seconds
2025-04-12 17:05:14,044 - INFO - Detection completed in 1.48 seconds (inference: 1.46s)
2025-04-12 17:05:14,044 - WARNING - Could not check disk space
2025-04-12 17:05:14,185 - INFO - Results saved successfully: output\images\image_35.jpg
2025-04-12 17:05:14,185 - INFO - Total execution time: 1.62 seconds
2025-04-12 17:05:44,399 - INFO - Loading YOLO model from models/yolov8/best_s.pt on cpu...
2025-04-12 17:05:44,446 - INFO - Model loaded successfully in 0.05 seconds
2025-04-12 17:05:46,016 - INFO - Detection completed in 1.49 seconds (inference: 1.49s)
2025-04-12 17:05:46,016 - WARNING - Could not check disk space
2025-04-12 17:05:46,188 - INFO - Results saved successfully: output\images\image_36.jpg
2025-04-12 17:05:46,188 - INFO - Total execution time: 1.66 seconds
2025-04-12 17:07:12,319 - INFO - Loading YOLO model from models/yolov8/best_s.pt on cpu...
2025-04-12 17:07:12,414 - INFO - Model loaded successfully in 0.09 seconds
2025-04-12 17:07:14,015 - INFO - Detection completed in 1.60 seconds (inference: 1.60s)
2025-04-12 17:07:14,015 - WARNING - Could not check disk space
2025-04-12 17:07:14,156 - INFO - Results saved successfully: output\images\image_37.jpg
2025-04-12 17:07:14,156 - INFO - Total execution time: 1.74 seconds
2025-04-12 17:07:24,102 - INFO - Loading YOLO model from models/yolov8/best_s.pt on cpu...
2025-04-12 17:07:24,165 - INFO - Model loaded successfully in 0.06 seconds
2025-04-12 17:07:25,718 - INFO - Detection completed in 1.55 seconds (inference: 1.55s)
2025-04-12 17:07:25,724 - WARNING - Could not check disk space
2025-04-12 17:07:25,860 - INFO - Results saved successfully: output\images\image_38.jpg
2025-04-12 17:07:25,860 - INFO - Total execution time: 1.70 seconds
2025-04-12 17:09:15,922 - INFO - Loading YOLO model from models/yolov8/best_s.pt on cpu...
2025-04-12 17:09:15,982 - INFO - Model loaded successfully in 0.06 seconds
2025-04-12 17:09:17,489 - INFO - Detection completed in 1.48 seconds (inference: 1.47s)
2025-04-12 17:09:17,489 - WARNING - Could not check disk space
2025-04-12 17:09:17,646 - INFO - Results saved successfully: output\images\image_39.jpg
2025-04-12 17:09:17,646 - INFO - Total execution time: 1.63 seconds
2025-04-12 17:09:49,993 - INFO - Loading YOLO model from models/yolov8/best_s.pt on cpu...
2025-04-12 17:09:50,040 - INFO - Model loaded successfully in 0.05 seconds
2025-04-12 17:09:51,595 - INFO - Detection completed in 1.49 seconds (inference: 1.48s)
2025-04-12 17:09:51,595 - WARNING - Could not check disk space
2025-04-12 17:09:51,767 - INFO - Results saved successfully: output\images\image_40.jpg
2025-04-12 17:09:51,767 - INFO - Total execution time: 1.66 seconds
2025-04-12 17:11:48,455 - INFO - Loading YOLO model from models/yolov8/best_s.pt on cpu...
2025-04-12 17:11:48,503 - INFO - Model loaded successfully in 0.05 seconds
2025-04-12 17:11:49,980 - INFO - Detection completed in 1.46 seconds (inference: 1.46s)
2025-04-12 17:11:49,980 - WARNING - Could not check disk space
2025-04-12 17:11:50,119 - INFO - Results saved successfully: output\images\image_41.jpg
2025-04-12 17:11:50,119 - INFO - Total execution time: 1.60 seconds
2025-04-12 17:12:19,265 - INFO - Loading YOLO model from models/yolov8/best_s.pt on cpu...
2025-04-12 17:12:19,328 - INFO - Model loaded successfully in 0.06 seconds
2025-04-12 17:12:20,788 - INFO - Detection completed in 1.46 seconds (inference: 1.46s)
2025-04-12 17:12:20,788 - WARNING - Could not check disk space
2025-04-12 17:12:20,945 - INFO - Results saved successfully: output\images\image_42.jpg
2025-04-12 17:12:20,945 - INFO - Total execution time: 1.62 seconds
2025-04-12 17:15:40,867 - INFO - Loading YOLO model from models/yolov8/best_s.pt on cpu...
2025-04-12 17:15:40,929 - INFO - Model loaded successfully in 0.06 seconds
2025-04-12 17:15:42,452 - INFO - Detection completed in 1.51 seconds (inference: 1.51s)
2025-04-12 17:15:42,452 - WARNING - Could not check disk space
2025-04-12 17:15:42,609 - INFO - Results saved successfully: output\images\image_43.jpg
2025-04-12 17:15:42,609 - INFO - Total execution time: 1.66 seconds
2025-04-12 17:16:27,648 - INFO - Loading YOLO model from models/yolov8/best_s.pt on cpu...
2025-04-12 17:16:27,711 - INFO - Model loaded successfully in 0.06 seconds
2025-04-12 17:16:29,360 - INFO - Detection completed in 1.62 seconds (inference: 1.60s)
2025-04-12 17:16:29,360 - WARNING - Could not check disk space
2025-04-12 17:16:29,516 - INFO - Results saved successfully: output\images\image_44.jpg
2025-04-12 17:16:29,516 - INFO - Total execution time: 1.77 seconds
2025-04-12 17:20:37,597 - INFO - Loading YOLO model from models/yolov8/best_s.pt on cpu...
2025-04-12 17:20:37,660 - INFO - Model loaded successfully in 0.06 seconds
2025-04-12 17:20:39,167 - INFO - Detection completed in 1.51 seconds (inference: 1.51s)
2025-04-12 17:20:39,167 - WARNING - Could not check disk space
2025-04-12 17:20:39,308 - INFO - Results saved successfully: output\images\image_45.jpg
2025-04-12 17:20:39,308 - INFO - Total execution time: 1.65 seconds
2025-04-12 17:21:05,445 - INFO - Loading YOLO model from models/yolov8/best_s.pt on cpu...
2025-04-12 17:21:05,544 - INFO - Model loaded successfully in 0.08 seconds
2025-04-12 17:21:07,018 - INFO - Detection completed in 1.47 seconds (inference: 1.47s)
2025-04-12 17:21:07,018 - WARNING - Could not check disk space
2025-04-12 17:21:07,160 - INFO - Results saved successfully: output\images\image_46.jpg
2025-04-12 17:21:07,160 - INFO - Total execution time: 1.62 seconds
2025-04-12 17:24:22,957 - INFO - Loading YOLO model from models/yolov8/best_s.pt on cpu...
2025-04-12 17:24:23,020 - INFO - Model loaded successfully in 0.06 seconds
2025-04-12 17:24:24,581 - INFO - Detection completed in 1.56 seconds (inference: 1.56s)
2025-04-12 17:24:24,581 - WARNING - Could not check disk space
2025-04-12 17:24:24,732 - INFO - Results saved successfully: output\images\image_47.jpg
2025-04-12 17:24:24,732 - INFO - Total execution time: 1.71 seconds
2025-04-12 17:24:47,755 - INFO - Loading YOLO model from models/yolov8/best_s.pt on cpu...
2025-04-12 17:24:47,816 - INFO - Model loaded successfully in 0.06 seconds
2025-04-12 17:24:49,292 - INFO - Detection completed in 1.46 seconds (inference: 1.46s)
2025-04-12 17:24:49,308 - WARNING - Could not check disk space
2025-04-12 17:24:49,449 - INFO - Results saved successfully: output\images\image_48.jpg
2025-04-12 17:24:49,449 - INFO - Total execution time: 1.62 seconds
2025-04-12 17:26:44,102 - INFO - Loading YOLO model from .\models\yolov8\best_3.pt on cpu...
2025-04-12 17:26:44,306 - INFO - Model loaded successfully in 0.20 seconds
2025-04-12 17:26:48,074 - INFO - Detection completed in 3.75 seconds (inference: 3.75s)
2025-04-12 17:26:48,074 - WARNING - Could not check disk space
2025-04-12 17:26:48,231 - INFO - Results saved successfully: output\images\image_49.jpg
2025-04-12 17:26:48,231 - INFO - Total execution time: 3.91 seconds
2025-04-12 17:27:24,770 - INFO - Loading YOLO model from models/yolov8/best_s.pt on cpu...
2025-04-12 17:27:24,833 - INFO - Model loaded successfully in 0.06 seconds
2025-04-12 17:27:26,309 - INFO - Detection completed in 1.48 seconds (inference: 1.48s)
2025-04-12 17:27:26,309 - WARNING - Could not check disk space
2025-04-12 17:27:26,450 - INFO - Results saved successfully: output\images\image_50.jpg
2025-04-12 17:27:26,450 - INFO - Total execution time: 1.62 seconds
2025-04-12 17:27:55,323 - INFO - Loading YOLO model from .\models\yolov8\best_3.pt on cpu...
2025-04-12 17:27:55,427 - INFO - Model loaded successfully in 0.09 seconds
2025-04-12 17:27:59,321 - INFO - Detection completed in 3.89 seconds (inference: 3.89s)
2025-04-12 17:27:59,321 - WARNING - Could not check disk space
2025-04-12 17:27:59,463 - INFO - Results saved successfully: output\images\image_51.jpg
2025-04-12 17:27:59,463 - INFO - Total execution time: 4.04 seconds
2025-04-12 17:28:14,482 - INFO - Loading YOLO model from .\models\yolov8\best_4.pt on cpu...
2025-04-12 17:28:14,812 - INFO - Model loaded successfully in 0.33 seconds
2025-04-12 17:28:18,062 - INFO - Detection completed in 3.23 seconds (inference: 3.23s)
2025-04-12 17:28:18,062 - WARNING - Could not check disk space
2025-04-12 17:28:18,203 - INFO - Results saved successfully: output\images\image_52.jpg
2025-04-12 17:28:18,203 - INFO - Total execution time: 3.38 seconds
2025-04-12 17:28:38,447 - INFO - Loading YOLO model from .\models\yolov8\best_4.pt on cpu...
2025-04-12 17:28:38,589 - INFO - Model loaded successfully in 0.14 seconds
2025-04-12 17:28:41,824 - INFO - Detection completed in 3.23 seconds (inference: 3.23s)
2025-04-12 17:28:41,824 - WARNING - Could not check disk space
2025-04-12 17:28:41,981 - INFO - Results saved successfully: output\images\image_53.jpg
2025-04-12 17:28:41,981 - INFO - Total execution time: 3.39 seconds
2025-04-12 17:29:16,952 - INFO - Loading YOLO model from .\models\yolov8\best_5.pt on cpu...
2025-04-12 17:29:17,173 - INFO - Model loaded successfully in 0.21 seconds
2025-04-12 17:29:19,781 - INFO - Detection completed in 2.61 seconds (inference: 2.61s)
2025-04-12 17:29:19,781 - WARNING - Could not check disk space
2025-04-12 17:29:19,919 - INFO - Results saved successfully: output\images\image_54.jpg
2025-04-12 17:29:19,919 - INFO - Total execution time: 2.75 seconds
2025-04-12 17:29:40,938 - INFO - Loading YOLO model from .\models\yolov8\best_5.pt on cpu...
2025-04-12 17:29:41,032 - INFO - Model loaded successfully in 0.09 seconds
2025-04-12 17:29:43,624 - INFO - Detection completed in 2.59 seconds (inference: 2.58s)
2025-04-12 17:29:43,624 - WARNING - Could not check disk space
2025-04-12 17:29:43,765 - INFO - Results saved successfully: output\images\image_55.jpg
2025-04-12 17:29:43,765 - INFO - Total execution time: 2.73 seconds
2025-04-14 11:25:53,166 - INFO - Loading YOLO model from models/yolov8/best_s.pt on cpu...
2025-04-14 11:25:53,310 - INFO - Model loaded successfully in 0.14 seconds
2025-04-14 11:25:54,970 - INFO - Detection completed in 1.63 seconds (inference: 1.62s)
2025-04-14 11:25:54,970 - WARNING - Could not check disk space
2025-04-14 11:25:55,190 - INFO - Results saved successfully: output\images\image_56.jpg
2025-04-14 11:25:55,190 - INFO - Total execution time: 1.85 seconds
